2022-08-15 13:12:54.191  INFO 11308 --- [main] com.cjlu.WarehouseManageApplication      : Starting WarehouseManageApplication using Java 1.8.0_322 on PluMoon with PID 11308 (D:\javacode\warehouse_manage\target\classes started by 95309 in D:\javacode\warehouse_manage)
2022-08-15 13:12:54.194  INFO 11308 --- [main] com.cjlu.WarehouseManageApplication      : No active profile set, falling back to 1 default profile: "default"
2022-08-15 13:12:55.044  INFO 11308 --- [main] .s.d.r.c.RepositoryConfigurationDelegate : Multiple Spring Data modules found, entering strict repository configuration mode!
2022-08-15 13:12:55.047  INFO 11308 --- [main] .s.d.r.c.RepositoryConfigurationDelegate : Bootstrapping Spring Data Redis repositories in DEFAULT mode.
2022-08-15 13:12:55.075  INFO 11308 --- [main] .s.d.r.c.RepositoryConfigurationDelegate : Finished Spring Data repository scanning in 11 ms. Found 0 Redis repository interfaces.
2022-08-15 13:12:55.572  INFO 11308 --- [main] o.s.b.w.embedded.tomcat.TomcatWebServer  : Tomcat initialized with port(s): 8080 (http)
2022-08-15 13:12:55.580  INFO 11308 --- [main] o.a.coyote.http11.Http11NioProtocol      : Initializing ProtocolHandler ["http-nio-8080"]
2022-08-15 13:12:55.580  INFO 11308 --- [main] o.apache.catalina.core.StandardService   : Starting service [Tomcat]
2022-08-15 13:12:55.580  INFO 11308 --- [main] org.apache.catalina.core.StandardEngine  : Starting Servlet engine: [Apache Tomcat/9.0.62]
2022-08-15 13:12:55.681  INFO 11308 --- [main] o.a.c.c.C.[Tomcat].[localhost].[/]       : Initializing Spring embedded WebApplicationContext
2022-08-15 13:12:55.681  INFO 11308 --- [main] w.s.c.ServletWebServerApplicationContext : Root WebApplicationContext: initialization completed in 1440 ms
2022-08-15 13:12:56.666  INFO 11308 --- [main] pertySourcedRequestMappingHandlerMapping : Mapped URL path [/v2/api-docs] onto method [springfox.documentation.swagger2.web.Swagger2Controller#getDocumentation(String, HttpServletRequest)]
2022-08-15 13:12:57.094  INFO 11308 --- [main] o.a.coyote.http11.Http11NioProtocol      : Starting ProtocolHandler ["http-nio-8080"]
2022-08-15 13:12:57.113  INFO 11308 --- [main] o.s.b.w.embedded.tomcat.TomcatWebServer  : Tomcat started on port(s): 8080 (http) with context path ''
2022-08-15 13:12:57.114  INFO 11308 --- [main] d.s.w.p.DocumentationPluginsBootstrapper : Context refreshed
2022-08-15 13:12:57.129  INFO 11308 --- [main] d.s.w.p.DocumentationPluginsBootstrapper : Found 2 custom documentation plugin(s)
2022-08-15 13:12:57.153  INFO 11308 --- [main] s.d.s.w.s.ApiListingReferenceScanner     : Scanning for api listing references
2022-08-15 13:12:57.207  WARN 11308 --- [main] s.d.s.p.CachingModelPropertiesProvider   : Exception calculating properties for model(com.cjlu.util.R<java.lang.String>) -> ModelContext{groupName=MP, type=com.cjlu.util.R<java.lang.String>, isReturnType=true}. java.lang.IllegalArgumentException: Can not create TypeBinding for class java.util.Map with 1 type parameter: class expects 2
2022-08-15 13:12:57.211  WARN 11308 --- [main] s.d.s.p.CachingModelPropertiesProvider   : Exception calculating properties for model(com.cjlu.util.R<java.lang.String>) -> ModelContext{groupName=MP, type=com.cjlu.util.R<java.lang.String>, isReturnType=true}. java.lang.IllegalArgumentException: Can not create TypeBinding for class java.util.Map with 1 type parameter: class expects 2
2022-08-15 13:12:57.275  WARN 11308 --- [main] s.d.s.p.CachingModelPropertiesProvider   : Exception calculating properties for model(com.cjlu.util.R<java.util.Map<java.lang.String,java.lang.Integer>>) -> ModelContext{groupName=MP, type=com.cjlu.util.R<java.util.Map<java.lang.String,java.lang.Integer>>, isReturnType=true}. java.lang.IllegalArgumentException: Can not create TypeBinding for class java.util.Map with 1 type parameter: class expects 2
2022-08-15 13:12:57.279  WARN 11308 --- [main] s.d.s.p.CachingModelPropertiesProvider   : Exception calculating properties for model(com.cjlu.util.R<java.util.Map<java.lang.String,java.lang.Integer>>) -> ModelContext{groupName=MP, type=com.cjlu.util.R<java.util.Map<java.lang.String,java.lang.Integer>>, isReturnType=true}. java.lang.IllegalArgumentException: Can not create TypeBinding for class java.util.Map with 1 type parameter: class expects 2
2022-08-15 13:12:57.290  WARN 11308 --- [main] s.d.s.p.CachingModelPropertiesProvider   : Exception calculating properties for model(com.cjlu.util.R<com.cjlu.pojo.packBarcodeMsg>) -> ModelContext{groupName=MP, type=com.cjlu.util.R<com.cjlu.pojo.packBarcodeMsg>, isReturnType=true}. java.lang.IllegalArgumentException: Can not create TypeBinding for class java.util.Map with 1 type parameter: class expects 2
2022-08-15 13:12:57.297  WARN 11308 --- [main] s.d.s.p.CachingModelPropertiesProvider   : Exception calculating properties for model(com.cjlu.util.R<com.cjlu.pojo.packBarcodeMsg>) -> ModelContext{groupName=MP, type=com.cjlu.util.R<com.cjlu.pojo.packBarcodeMsg>, isReturnType=true}. java.lang.IllegalArgumentException: Can not create TypeBinding for class java.util.Map with 1 type parameter: class expects 2
2022-08-15 13:12:57.310  INFO 11308 --- [main] .d.s.w.r.o.CachingOperationNameGenerator : Generating unique operation named: getFinalNumberUsingPOST_1
2022-08-15 13:12:57.317  INFO 11308 --- [main] .d.s.w.r.o.CachingOperationNameGenerator : Generating unique operation named: addHeaderUsingPOST_1
2022-08-15 13:12:57.319  INFO 11308 --- [main] .d.s.w.r.o.CachingOperationNameGenerator : Generating unique operation named: addTbodyAndSunUsingPOST_1
2022-08-15 13:12:57.322  INFO 11308 --- [main] .d.s.w.r.o.CachingOperationNameGenerator : Generating unique operation named: endAddUsingGET_1
2022-08-15 13:12:57.325  WARN 11308 --- [main] s.d.s.p.CachingModelPropertiesProvider   : Exception calculating properties for model(com.cjlu.util.R<com.cjlu.pojo.sippingRegisterHeader>) -> ModelContext{groupName=MP, type=com.cjlu.util.R<com.cjlu.pojo.sippingRegisterHeader>, isReturnType=true}. java.lang.IllegalArgumentException: Can not create TypeBinding for class java.util.Map with 1 type parameter: class expects 2
2022-08-15 13:12:57.329  WARN 11308 --- [main] s.d.s.p.CachingModelPropertiesProvider   : Exception calculating properties for model(com.cjlu.util.R<com.cjlu.pojo.sippingRegisterHeader>) -> ModelContext{groupName=MP, type=com.cjlu.util.R<com.cjlu.pojo.sippingRegisterHeader>, isReturnType=true}. java.lang.IllegalArgumentException: Can not create TypeBinding for class java.util.Map with 1 type parameter: class expects 2
2022-08-15 13:12:57.331  WARN 11308 --- [main] s.d.s.p.CachingModelPropertiesProvider   : Exception calculating properties for model(com.cjlu.util.R<java.util.List<com.cjlu.pojo.sippingRegisterTbody>>) -> ModelContext{groupName=MP, type=com.cjlu.util.R<java.util.List<com.cjlu.pojo.sippingRegisterTbody>>, isReturnType=true}. java.lang.IllegalArgumentException: Can not create TypeBinding for class java.util.Map with 1 type parameter: class expects 2
2022-08-15 13:12:57.336  WARN 11308 --- [main] s.d.s.p.CachingModelPropertiesProvider   : Exception calculating properties for model(com.cjlu.util.R<java.util.List<com.cjlu.pojo.sippingRegisterTbody>>) -> ModelContext{groupName=MP, type=com.cjlu.util.R<java.util.List<com.cjlu.pojo.sippingRegisterTbody>>, isReturnType=true}. java.lang.IllegalArgumentException: Can not create TypeBinding for class java.util.Map with 1 type parameter: class expects 2
2022-08-15 13:12:57.351  INFO 11308 --- [main] s.d.s.w.s.ApiListingReferenceScanner     : Scanning for api listing references
2022-08-15 13:12:57.353  WARN 11308 --- [main] s.d.s.p.CachingModelPropertiesProvider   : Exception calculating properties for model(com.cjlu.util.R<java.lang.String>) -> ModelContext{groupName=PC, type=com.cjlu.util.R<java.lang.String>, isReturnType=true}. java.lang.IllegalArgumentException: Can not create TypeBinding for class java.util.Map with 1 type parameter: class expects 2
2022-08-15 13:12:57.354  WARN 11308 --- [main] s.d.s.p.CachingModelPropertiesProvider   : Exception calculating properties for model(com.cjlu.util.R<java.lang.String>) -> ModelContext{groupName=PC, type=com.cjlu.util.R<java.lang.String>, isReturnType=true}. java.lang.IllegalArgumentException: Can not create TypeBinding for class java.util.Map with 1 type parameter: class expects 2
2022-08-15 13:12:57.365  WARN 11308 --- [main] s.d.s.p.CachingModelPropertiesProvider   : Exception calculating properties for model(com.cjlu.util.R<java.util.List<com.cjlu.pojo.inkLocationStockGL>>) -> ModelContext{groupName=PC, type=com.cjlu.util.R<java.util.List<com.cjlu.pojo.inkLocationStockGL>>, isReturnType=true}. java.lang.IllegalArgumentException: Can not create TypeBinding for class java.util.Map with 1 type parameter: class expects 2
2022-08-15 13:12:57.368  WARN 11308 --- [main] s.d.s.p.CachingModelPropertiesProvider   : Exception calculating properties for model(com.cjlu.util.R<java.util.List<com.cjlu.pojo.inkLocationStockGL>>) -> ModelContext{groupName=PC, type=com.cjlu.util.R<java.util.List<com.cjlu.pojo.inkLocationStockGL>>, isReturnType=true}. java.lang.IllegalArgumentException: Can not create TypeBinding for class java.util.Map with 1 type parameter: class expects 2
2022-08-15 13:12:57.379  INFO 11308 --- [main] com.cjlu.WarehouseManageApplication      : Started WarehouseManageApplication in 3.63 seconds (JVM running for 4.783)
2022-08-15 13:13:17.679  INFO 11308 --- [http-nio-8080-exec-1] o.a.c.c.C.[Tomcat].[localhost].[/]       : Initializing Spring DispatcherServlet 'dispatcherServlet'
2022-08-15 13:13:17.679  INFO 11308 --- [http-nio-8080-exec-1] o.s.web.servlet.DispatcherServlet        : Initializing Servlet 'dispatcherServlet'
2022-08-15 13:13:17.680  INFO 11308 --- [http-nio-8080-exec-1] o.s.web.servlet.DispatcherServlet        : Completed initialization in 1 ms
2022-08-15 13:13:26.776  INFO 11308 --- [http-nio-8080-exec-4] com.zaxxer.hikari.HikariDataSource       : HikariPool-1 - Starting...
2022-08-15 13:13:27.506  INFO 11308 --- [http-nio-8080-exec-4] com.zaxxer.hikari.HikariDataSource       : HikariPool-1 - Start completed.
2022-08-15 13:14:59.483  INFO 11308 --- [SpringApplicationShutdownHook] com.zaxxer.hikari.HikariDataSource       : HikariPool-1 - Shutdown initiated...
2022-08-15 13:14:59.492  INFO 11308 --- [SpringApplicationShutdownHook] com.zaxxer.hikari.HikariDataSource       : HikariPool-1 - Shutdown completed.
